<?xml version="1.0" encoding="UTF-8"?>
<!-- Generated by org.testng.reporters.JUnitReportReporter -->
<testsuite hostname="LAPTOP-RG2DJRNT" failures="0" tests="6" name="runnerFile.runnerTestNG" time="56.638" errors="0" timestamp="2025-04-02T22:23:24 IST" skipped="0">
  <testcase classname="runnerFile.runnerTestNG" name="runScenario" time="11.149"/>
  <testcase classname="runnerFile.runnerTestNG" name="runScenario" time="8.613"/>
  <testcase classname="runnerFile.runnerTestNG" name="runScenario" time="9.309"/>
  <testcase classname="runnerFile.runnerTestNG" name="runScenario" time="8.885"/>
  <testcase classname="runnerFile.runnerTestNG" name="runScenario" time="9.502"/>
  <testcase classname="runnerFile.runnerTestNG" name="runScenario" time="9.180"/>
</testsuite> <!-- runnerFile.runnerTestNG -->
