<?xml version="1.0" encoding="UTF-8"?>
<!-- Generated by org.testng.reporters.JUnitReportReporter -->
<testsuite hostname="LAPTOP-RG2DJRNT" failures="0" tests="6" name="runnerFile.runnerTestNG" time="55.572" errors="0" timestamp="2025-04-02T21:47:01 IST" skipped="0">
  <testcase classname="runnerFile.runnerTestNG" name="runScenario" time="8.034"/>
  <testcase classname="runnerFile.runnerTestNG" name="runScenario" time="10.114"/>
  <testcase classname="runnerFile.runnerTestNG" name="runScenario" time="8.607"/>
  <testcase classname="runnerFile.runnerTestNG" name="runScenario" time="10.095"/>
  <testcase classname="runnerFile.runnerTestNG" name="runScenario" time="9.585"/>
  <testcase classname="runnerFile.runnerTestNG" name="runScenario" time="9.137"/>
</testsuite> <!-- runnerFile.runnerTestNG -->
